{"/Users/leilei/Local/GitProjects/hrr45-fec/po-photo-banner/client/index.jsx": {"path":"/Users/leilei/Local/GitProjects/hrr45-fec/po-photo-banner/client/index.jsx","statementMap":{"0":{"start":{"line":5,"column":0},"end":{"line":5,"column":73}}},"fnMap":{},"branchMap":{},"s":{"0":0},"f":{},"b":{}}
,"/Users/leilei/Local/GitProjects/hrr45-fec/po-photo-banner/db/database.js": {"path":"/Users/leilei/Local/GitProjects/hrr45-fec/po-photo-banner/db/database.js","statementMap":{"0":{"start":{"line":3,"column":0},"end":{"line":3,"column":27}},"1":{"start":{"line":4,"column":17},"end":{"line":4,"column":36}},"2":{"start":{"line":6,"column":13},"end":{"line":6,"column":51}},"3":{"start":{"line":8,"column":0},"end":{"line":8,"column":109}},"4":{"start":{"line":9,"column":11},"end":{"line":9,"column":30}},"5":{"start":{"line":10,"column":0},"end":{"line":10,"column":63}},"6":{"start":{"line":11,"column":0},"end":{"line":13,"column":3}},"7":{"start":{"line":12,"column":2},"end":{"line":12,"column":39}},"8":{"start":{"line":16,"column":25},"end":{"line":24,"column":2}},"9":{"start":{"line":26,"column":19},"end":{"line":26,"column":65}},"10":{"start":{"line":29,"column":26},"end":{"line":37,"column":1}},"11":{"start":{"line":30,"column":2},"end":{"line":36,"column":5}},"12":{"start":{"line":31,"column":4},"end":{"line":35,"column":5}},"13":{"start":{"line":32,"column":6},"end":{"line":32,"column":20}},"14":{"start":{"line":34,"column":6},"end":{"line":34,"column":28}},"15":{"start":{"line":39,"column":0},"end":{"line":42,"column":2}}},"fnMap":{"0":{"name":"(anonymous_0)","decl":{"start":{"line":11,"column":16},"end":{"line":11,"column":17}},"loc":{"start":{"line":11,"column":22},"end":{"line":13,"column":1}},"line":11},"1":{"name":"(anonymous_1)","decl":{"start":{"line":29,"column":26},"end":{"line":29,"column":27}},"loc":{"start":{"line":29,"column":44},"end":{"line":37,"column":1}},"line":29},"2":{"name":"(anonymous_2)","decl":{"start":{"line":30,"column":31},"end":{"line":30,"column":32}},"loc":{"start":{"line":30,"column":48},"end":{"line":36,"column":3}},"line":30}},"branchMap":{"0":{"loc":{"start":{"line":6,"column":13},"end":{"line":6,"column":51}},"type":"binary-expr","locations":[{"start":{"line":6,"column":13},"end":{"line":6,"column":36}},{"start":{"line":6,"column":40},"end":{"line":6,"column":51}}],"line":6},"1":{"loc":{"start":{"line":31,"column":4},"end":{"line":35,"column":5}},"type":"if","locations":[{"start":{"line":31,"column":4},"end":{"line":35,"column":5}},{"start":{"line":31,"column":4},"end":{"line":35,"column":5}}],"line":31}},"s":{"0":0,"1":0,"2":0,"3":0,"4":0,"5":0,"6":0,"7":0,"8":0,"9":0,"10":0,"11":0,"12":0,"13":0,"14":0,"15":0},"f":{"0":0,"1":0,"2":0},"b":{"0":[0,0],"1":[0,0]}}
,"/Users/leilei/Local/GitProjects/hrr45-fec/po-photo-banner/db/seeder.js": {"path":"/Users/leilei/Local/GitProjects/hrr45-fec/po-photo-banner/db/seeder.js","statementMap":{"0":{"start":{"line":2,"column":11},"end":{"line":2,"column":32}},"1":{"start":{"line":7,"column":17},"end":{"line":51,"column":1}},"2":{"start":{"line":52,"column":18},"end":{"line":74,"column":1}},"3":{"start":{"line":75,"column":21},"end":{"line":75,"column":64}},"4":{"start":{"line":76,"column":13},"end":{"line":76,"column":15}},"5":{"start":{"line":78,"column":23},"end":{"line":97,"column":1}},"6":{"start":{"line":79,"column":21},"end":{"line":79,"column":23}},"7":{"start":{"line":80,"column":16},"end":{"line":80,"column":17}},"8":{"start":{"line":82,"column":2},"end":{"line":95,"column":3}},"9":{"start":{"line":82,"column":15},"end":{"line":82,"column":16}},"10":{"start":{"line":83,"column":16},"end":{"line":83,"column":81}},"11":{"start":{"line":84,"column":24},"end":{"line":84,"column":91}},"12":{"start":{"line":85,"column":21},"end":{"line":85,"column":94}},"13":{"start":{"line":87,"column":21},"end":{"line":92,"column":5}},"14":{"start":{"line":93,"column":4},"end":{"line":93,"column":30}},"15":{"start":{"line":94,"column":4},"end":{"line":94,"column":17}},"16":{"start":{"line":96,"column":2},"end":{"line":96,"column":20}},"17":{"start":{"line":100,"column":25},"end":{"line":116,"column":1}},"18":{"start":{"line":101,"column":11},"end":{"line":101,"column":21}},"19":{"start":{"line":103,"column":2},"end":{"line":114,"column":3}},"20":{"start":{"line":103,"column":15},"end":{"line":103,"column":16}},"21":{"start":{"line":106,"column":23},"end":{"line":106,"column":79}},"22":{"start":{"line":108,"column":22},"end":{"line":111,"column":5}},"23":{"start":{"line":112,"column":4},"end":{"line":112,"column":25}},"24":{"start":{"line":113,"column":4},"end":{"line":113,"column":12}},"25":{"start":{"line":115,"column":2},"end":{"line":115,"column":20}},"26":{"start":{"line":119,"column":0},"end":{"line":119,"column":25}},"27":{"start":{"line":120,"column":0},"end":{"line":120,"column":42}}},"fnMap":{"0":{"name":"(anonymous_0)","decl":{"start":{"line":78,"column":23},"end":{"line":78,"column":24}},"loc":{"start":{"line":78,"column":38},"end":{"line":97,"column":1}},"line":78},"1":{"name":"(anonymous_1)","decl":{"start":{"line":100,"column":25},"end":{"line":100,"column":26}},"loc":{"start":{"line":100,"column":53},"end":{"line":116,"column":1}},"line":100}},"branchMap":{},"s":{"0":0,"1":0,"2":0,"3":0,"4":0,"5":0,"6":0,"7":0,"8":0,"9":0,"10":0,"11":0,"12":0,"13":0,"14":0,"15":0,"16":0,"17":0,"18":0,"19":0,"20":0,"21":0,"22":0,"23":0,"24":0,"25":0,"26":0,"27":0},"f":{"0":0,"1":0},"b":{}}
,"/Users/leilei/Local/GitProjects/hrr45-fec/po-photo-banner/server/server.js": {"path":"/Users/leilei/Local/GitProjects/hrr45-fec/po-photo-banner/server/server.js","statementMap":{"0":{"start":{"line":2,"column":0},"end":{"line":2,"column":27}},"1":{"start":{"line":3,"column":16},"end":{"line":3,"column":34}},"2":{"start":{"line":4,"column":11},"end":{"line":4,"column":39}},"3":{"start":{"line":6,"column":13},"end":{"line":6,"column":51}},"4":{"start":{"line":7,"column":13},"end":{"line":7,"column":46}},"5":{"start":{"line":10,"column":12},"end":{"line":10,"column":21}},"6":{"start":{"line":11,"column":0},"end":{"line":17,"column":3}},"7":{"start":{"line":12,"column":2},"end":{"line":16,"column":3}},"8":{"start":{"line":13,"column":4},"end":{"line":13,"column":44}},"9":{"start":{"line":15,"column":4},"end":{"line":15,"column":63}},"10":{"start":{"line":19,"column":0},"end":{"line":19,"column":34}},"11":{"start":{"line":20,"column":0},"end":{"line":20,"column":30}},"12":{"start":{"line":23,"column":0},"end":{"line":31,"column":3}},"13":{"start":{"line":24,"column":2},"end":{"line":30,"column":5}},"14":{"start":{"line":25,"column":4},"end":{"line":29,"column":5}},"15":{"start":{"line":26,"column":6},"end":{"line":26,"column":32}},"16":{"start":{"line":28,"column":6},"end":{"line":28,"column":35}}},"fnMap":{"0":{"name":"(anonymous_0)","decl":{"start":{"line":11,"column":36},"end":{"line":11,"column":37}},"loc":{"start":{"line":11,"column":45},"end":{"line":17,"column":1}},"line":11},"1":{"name":"(anonymous_1)","decl":{"start":{"line":23,"column":27},"end":{"line":23,"column":28}},"loc":{"start":{"line":23,"column":41},"end":{"line":31,"column":1}},"line":23},"2":{"name":"(anonymous_2)","decl":{"start":{"line":24,"column":38},"end":{"line":24,"column":39}},"loc":{"start":{"line":24,"column":55},"end":{"line":30,"column":3}},"line":24}},"branchMap":{"0":{"loc":{"start":{"line":6,"column":13},"end":{"line":6,"column":51}},"type":"binary-expr","locations":[{"start":{"line":6,"column":13},"end":{"line":6,"column":36}},{"start":{"line":6,"column":40},"end":{"line":6,"column":51}}],"line":6},"1":{"loc":{"start":{"line":7,"column":13},"end":{"line":7,"column":46}},"type":"binary-expr","locations":[{"start":{"line":7,"column":13},"end":{"line":7,"column":36}},{"start":{"line":7,"column":40},"end":{"line":7,"column":46}}],"line":7},"2":{"loc":{"start":{"line":12,"column":2},"end":{"line":16,"column":3}},"type":"if","locations":[{"start":{"line":12,"column":2},"end":{"line":16,"column":3}},{"start":{"line":12,"column":2},"end":{"line":16,"column":3}}],"line":12},"3":{"loc":{"start":{"line":25,"column":4},"end":{"line":29,"column":5}},"type":"if","locations":[{"start":{"line":25,"column":4},"end":{"line":29,"column":5}},{"start":{"line":25,"column":4},"end":{"line":29,"column":5}}],"line":25}},"s":{"0":0,"1":0,"2":0,"3":0,"4":0,"5":0,"6":0,"7":0,"8":0,"9":0,"10":0,"11":0,"12":0,"13":0,"14":0,"15":0,"16":0},"f":{"0":0,"1":0,"2":0},"b":{"0":[0,0],"1":[0,0],"2":[0,0],"3":[0,0]}}
}
